<?xml version="1.0" encoding="UTF-8"?>
<!-- Generated by org.testng.reporters.JUnitReportReporter -->
<testsuite hostname="ADITI" failures="0" tests="1" name="mavenprojectsprac.first" time="6.228" errors="0" timestamp="2024-06-24T20:02:32 IST" skipped="0">
  <testcase classname="mavenprojectsprac.first" name="testcase" time="6.228"/>
</testsuite> <!-- mavenprojectsprac.first -->
