<?xml version="1.0" encoding="UTF-8"?>
<!-- Generated by org.testng.reporters.JUnitReportReporter -->
<testsuite hostname="ADITI" failures="0" tests="1" name="mavenprojectsprac.Amazon" time="15.943" errors="0" timestamp="2024-06-24T20:17:41 IST" skipped="0">
  <testcase classname="mavenprojectsprac.Amazon" name="signin1" time="15.943"/>
</testsuite> <!-- mavenprojectsprac.Amazon -->
